#
# A fatal error has been detected by the Java Runtime Environment:
#
#  Internal Error (safepoint.cpp:716), pid=67053, tid=0x0000000000005c0b
#  fatal error: Illegal threadstate encountered: 4
#
# JRE version: Java(TM) SE Runtime Environment (8.0_311-b11) (build 1.8.0_311-b11)
# Java VM: Java HotSpot(TM) 64-Bit Server VM (25.311-b11 mixed mode bsd-amd64 compressed oops)
# Failed to write core dump. Core dumps have been disabled. To enable core dumping, try "ulimit -c unlimited" before starting Java again
#
# If you would like to submit a bug report, please visit:
#   http://bugreport.java.com/bugreport/crash.jsp
# The crash happened outside the Java Virtual Machine in native code.
# See problematic frame for where to report the bug.
#

---------------  T H R E A D  ---------------

Current thread (0x00007f8b48903800):  JavaThread "Thread-1" daemon [_thread_in_native, id=23563, stack(0x000070000f1ac000,0x000070000f2ac000)]

Stack: [0x000070000f1ac000,0x000070000f2ac000],  sp=0x000070000f2aaee0,  free space=1019k
Native frames: (J=compiled Java code, j=interpreted, Vv=VM code, C=native code)
V  [libjvm.dylib+0x59b253]
V  [libjvm.dylib+0x1d392b]
V  [libjvm.dylib+0x4e75ff]
V  [libjvm.dylib+0x561aa3]
V  [libjvm.dylib+0x2fd8da]
C  [libglass.dylib+0x9d38]  -[GlassRunnable dealloc]+0x28
C  [Foundation+0x80eab]  -[_NSThreadPerformInfo dealloc]+0x2a
C  [Foundation+0x4dcd7]  -[NSObject(NSThreadPerformAdditions) performSelectorOnMainThread:withObject:waitUntilDone:]+0x7c
j  com.sun.glass.ui.mac.MacApplication._submitForLaterInvocation(Ljava/lang/Runnable;)V+0
j  com.sun.glass.ui.mac.MacApplication.submitForLaterInvocation(Ljava/lang/Runnable;)V+2
j  com.sun.glass.ui.InvokeLaterDispatcher.run()V+82
v  ~StubRoutines::call_stub
V  [libjvm.dylib+0x2d63ff]
V  [libjvm.dylib+0x2d5262]
V  [libjvm.dylib+0x2d5443]
V  [libjvm.dylib+0x3427d7]
V  [libjvm.dylib+0x5602ee]
V  [libjvm.dylib+0x5601b3]
V  [libjvm.dylib+0x48d487]
C  [libsystem_pthread.dylib+0x64f4]  _pthread_start+0x7d
C  [libsystem_pthread.dylib+0x200f]  thread_start+0xf
C  0x0000000000000000

Java frames: (J=compiled Java code, j=interpreted, Vv=VM code)
j  com.sun.glass.ui.mac.MacApplication._submitForLaterInvocation(Ljava/lang/Runnable;)V+0
j  com.sun.glass.ui.mac.MacApplication.submitForLaterInvocation(Ljava/lang/Runnable;)V+2
j  com.sun.glass.ui.InvokeLaterDispatcher.run()V+82
v  ~StubRoutines::call_stub

---------------  P R O C E S S  ---------------

Java Threads: ( => current thread )
  0x00007f8b4708f000 JavaThread "PulseTimer-CVDisplayLink thread" daemon [_thread_blocked, id=54823, stack(0x000070000f332000,0x000070000f3b2000)]
  0x00007f8b47931800 JavaThread "Thread-5" [_thread_blocked, id=71455, stack(0x000070000f8ca000,0x000070000f9ca000)]
  0x00007f8b471a9800 JavaThread "Prism Font Disposer" daemon [_thread_blocked, id=73035, stack(0x000070000f7c7000,0x000070000f8c7000)]
  0x00007f8b4719a000 JavaThread "JavaFX-Launcher" [_thread_blocked, id=84259, stack(0x000070000f641000,0x000070000f741000)]
  0x00007f8b4712c000 JavaThread "JavaFX Application Thread" [_thread_in_native_trans, id=259, stack(0x00007ff7bc47d000,0x00007ff7bcc7d000)]
=>0x00007f8b48903800 JavaThread "Thread-1" daemon [_thread_in_native, id=23563, stack(0x000070000f1ac000,0x000070000f2ac000)]
  0x00007f8b478ad000 JavaThread "QuantumRenderer-0" daemon [_thread_blocked, id=16131, stack(0x000070000f0a9000,0x000070000f1a9000)]
  0x00007f8b47051000 JavaThread "Service Thread" daemon [_thread_blocked, id=17155, stack(0x000070000eea3000,0x000070000efa3000)]
  0x00007f8b47038800 JavaThread "C1 CompilerThread2" daemon [_thread_in_vm, id=13059, stack(0x000070000eda0000,0x000070000eea0000)]
  0x00007f8b47037800 JavaThread "C2 CompilerThread1" daemon [_thread_in_native, id=17923, stack(0x000070000ec9d000,0x000070000ed9d000)]
  0x00007f8b49020800 JavaThread "C2 CompilerThread0" daemon [_thread_in_native, id=18435, stack(0x000070000eb9a000,0x000070000ec9a000)]
  0x00007f8b4701e000 JavaThread "Signal Dispatcher" daemon [_thread_blocked, id=12803, stack(0x000070000ea97000,0x000070000eb97000)]
  0x00007f8b4881b800 JavaThread "Finalizer" daemon [_thread_blocked, id=11267, stack(0x000070000e88e000,0x000070000e98e000)]
  0x00007f8b49019000 JavaThread "Reference Handler" daemon [_thread_blocked, id=20739, stack(0x000070000e78b000,0x000070000e88b000)]
  0x00007f8b4700a000 JavaThread "main" [_thread_blocked, id=3843, stack(0x000070000e179000,0x000070000e279000)]

Other Threads:
  0x00007f8b47014000 VMThread [stack: 0x000070000e688000,0x000070000e788000] [id=21251]
  0x00007f8b4702c000 WatcherThread [stack: 0x000070000efa6000,0x000070000f0a6000] [id=16643]

VM state:synchronizing (normal execution)

VM Mutex/Monitor currently owned by a thread:  ([mutex/lock_event])
[0x0000600000101000] Safepoint_lock - owner thread: 0x00007f8b47014000
[0x0000600000101080] Threads_lock - owner thread: 0x00007f8b47014000

heap address: 0x0000000740000000, size: 2048 MB, Compressed Oops mode: Zero based, Oop shift amount: 3
Narrow klass base: 0x0000000000000000, Narrow klass shift: 3
Compressed class space size: 1073741824 Address: 0x00000007c0000000

Heap:
 PSYoungGen      total 38400K, used 4899K [0x0000000795580000, 0x0000000798000000, 0x00000007c0000000)
  eden space 33280K, 1% used [0x0000000795580000,0x00000007955d4e40,0x0000000797600000)
  from space 5120K, 89% used [0x0000000797600000,0x0000000797a74040,0x0000000797b00000)
  to   space 5120K, 0% used [0x0000000797b00000,0x0000000797b00000,0x0000000798000000)
 ParOldGen       total 87552K, used 2056K [0x0000000740000000, 0x0000000745580000, 0x0000000795580000)
  object space 87552K, 2% used [0x0000000740000000,0x0000000740202010,0x0000000745580000)
 Metaspace       used 12186K, capacity 12678K, committed 12928K, reserved 1060864K
  class space    used 1657K, capacity 1819K, committed 1920K, reserved 1048576K

Card table byte_map: [0x0000000103840000,0x0000000103c41000] byte_map_base: 0x00000000ffe40000

Marking Bits: (ParMarkBitMap*) 0x00000001048a92e8
 Begin Bits: [0x0000000114380000, 0x0000000116380000)
 End Bits:   [0x0000000116380000, 0x0000000118380000)

Polling page: 0x00000001033b8000

CodeCache: size=245760Kb used=3659Kb max_used=3664Kb free=242100Kb
 bounds [0x0000000105380000, 0x0000000105720000, 0x0000000114380000]
 total_blobs=1590 nmethods=997 adapters=506
 compilation: enabled

Compilation events (10 events):
Event: 8.501 Thread 0x00007f8b47037800 nmethod 986 0x0000000105707550 code [0x00000001057076c0, 0x0000000105707878]
Event: 8.501 Thread 0x00007f8b47037800  988   !   4       java.io.BufferedWriter::write (117 bytes)
Event: 8.504 Thread 0x00007f8b49020800 nmethod 987 0x000000010570b390 code [0x000000010570b520, 0x000000010570b748]
Event: 8.504 Thread 0x00007f8b49020800  990       4       java.io.OutputStreamWriter::write (11 bytes)
Event: 8.507 Thread 0x00007f8b47037800 nmethod 988 0x000000010570a790 code [0x000000010570a900, 0x000000010570af78]
Event: 8.507 Thread 0x00007f8b47037800  989   !   4       java.io.BufferedWriter::flushBuffer (53 bytes)
Event: 8.516 Thread 0x00007f8b49020800 nmethod 990 0x000000010570f250 code [0x000000010570f420, 0x000000010570fdc8]
Event: 8.516 Thread 0x00007f8b49020800  993   !   4       sun.nio.cs.StreamEncoder::flushBuffer (42 bytes)
Event: 8.527 Thread 0x00007f8b47037800 nmethod 989 0x0000000105710b90 code [0x0000000105710d60, 0x0000000105711a48]
Event: 8.527 Thread 0x00007f8b47037800  991   !   4       sun.nio.cs.StreamEncoder::write (78 bytes)

GC Heap History (1 events):
Event: 8.549 GC heap before
{Heap before GC invocations=1 (full 0):
 PSYoungGen      total 38400K, used 33280K [0x0000000795580000, 0x0000000798000000, 0x00000007c0000000)
  eden space 33280K, 100% used [0x0000000795580000,0x0000000797600000,0x0000000797600000)
  from space 5120K, 0% used [0x0000000797b00000,0x0000000797b00000,0x0000000798000000)
  to   space 5120K, 0% used [0x0000000797600000,0x0000000797600000,0x0000000797b00000)
 ParOldGen       total 87552K, used 0K [0x0000000740000000, 0x0000000745580000, 0x0000000795580000)
  object space 87552K, 0% used [0x0000000740000000,0x0000000740000000,0x0000000745580000)
 Metaspace       used 12179K, capacity 12678K, committed 12928K, reserved 1060864K
  class space    used 1657K, capacity 1819K, committed 1920K, reserved 1048576K

Deoptimization events (10 events):
Event: 3.080 Thread 0x00007f8b4712c000 Uncommon trap: reason=class_check action=maybe_recompile pc=0x00000001055df1c4 method=java.io.DataInputStream.readShort()S @ 4
Event: 3.081 Thread 0x00007f8b4712c000 Uncommon trap: reason=class_check action=maybe_recompile pc=0x00000001055df1c4 method=java.io.DataInputStream.readShort()S @ 4
Event: 3.081 Thread 0x00007f8b4712c000 Uncommon trap: reason=class_check action=maybe_recompile pc=0x00000001055df1c4 method=java.io.DataInputStream.readShort()S @ 4
Event: 3.092 Thread 0x00007f8b4712c000 Uncommon trap: reason=class_check action=maybe_recompile pc=0x000000010549de58 method=java.lang.String.equals(Ljava/lang/Object;)Z @ 8
Event: 3.092 Thread 0x00007f8b4712c000 Uncommon trap: reason=class_check action=maybe_recompile pc=0x000000010549de58 method=java.lang.String.equals(Ljava/lang/Object;)Z @ 8
Event: 3.092 Thread 0x00007f8b4712c000 Uncommon trap: reason=class_check action=maybe_recompile pc=0x000000010549de58 method=java.lang.String.equals(Ljava/lang/Object;)Z @ 8
Event: 3.095 Thread 0x00007f8b4712c000 Uncommon trap: reason=class_check action=maybe_recompile pc=0x000000010549de58 method=java.lang.String.equals(Ljava/lang/Object;)Z @ 8
Event: 3.447 Thread 0x00007f8b4712c000 Uncommon trap: reason=unstable_if action=reinterpret pc=0x000000010559eca0 method=java.lang.CharacterData.of(I)Ljava/lang/CharacterData; @ 4
Event: 3.673 Thread 0x00007f8b478ad000 Uncommon trap: reason=unstable_if action=reinterpret pc=0x000000010561f37c method=sun.net.www.ParseUtil.encodePath(Ljava/lang/String;Z)Ljava/lang/String; @ 109
Event: 8.476 Thread 0x00007f8b4712c000 Uncommon trap: reason=unstable_if action=reinterpret pc=0x0000000105672268 method=jdk.internal.org.objectweb.asm.Type.getArgumentsAndReturnSizes(Ljava/lang/String;)I @ 47

Classes redefined (0 events):
No events

Internal exceptions (10 events):
Event: 0.840 Thread 0x00007f8b4700a000 Exception <a 'java/lang/NoSuchFieldError': method resolution failed> (0x000000079579a6c0) thrown at [/System/Volumes/Data/jenkins/workspace/8-2-build-macosx-x86_64/jdk8u311/1894/hotspot/src/share/vm/prims/methodHandles.cpp, line 1169]
Event: 0.849 Thread 0x00007f8b4700a000 Exception <a 'java/lang/NoSuchFieldError': method resolution failed> (0x00000007957a7a40) thrown at [/System/Volumes/Data/jenkins/workspace/8-2-build-macosx-x86_64/jdk8u311/1894/hotspot/src/share/vm/prims/methodHandles.cpp, line 1169]
Event: 0.904 Thread 0x00007f8b4700a000 Exception <a 'java/security/PrivilegedActionException'> (0x0000000795835cb0) thrown at [/System/Volumes/Data/jenkins/workspace/8-2-build-macosx-x86_64/jdk8u311/1894/hotspot/src/share/vm/prims/jvm.cpp, line 1523]
Event: 0.904 Thread 0x00007f8b4700a000 Exception <a 'java/security/PrivilegedActionException'> (0x0000000795835ec0) thrown at [/System/Volumes/Data/jenkins/workspace/8-2-build-macosx-x86_64/jdk8u311/1894/hotspot/src/share/vm/prims/jvm.cpp, line 1523]
Event: 0.905 Thread 0x00007f8b4700a000 Exception <a 'java/security/PrivilegedActionException'> (0x000000079583a518) thrown at [/System/Volumes/Data/jenkins/workspace/8-2-build-macosx-x86_64/jdk8u311/1894/hotspot/src/share/vm/prims/jvm.cpp, line 1523]
Event: 0.905 Thread 0x00007f8b4700a000 Exception <a 'java/security/PrivilegedActionException'> (0x000000079583a728) thrown at [/System/Volumes/Data/jenkins/workspace/8-2-build-macosx-x86_64/jdk8u311/1894/hotspot/src/share/vm/prims/jvm.cpp, line 1523]
Event: 0.905 Thread 0x00007f8b4700a000 Exception <a 'java/lang/NullPointerException'> (0x000000079583ad00) thrown at [/System/Volumes/Data/jenkins/workspace/8-2-build-macosx-x86_64/jdk8u311/1894/hotspot/src/share/vm/interpreter/linkResolver.cpp, line 1185]
Event: 2.451 Thread 0x00007f8b4712c000 Exception <a 'java/lang/NullPointerException'> (0x00000007962912f0) thrown at [/System/Volumes/Data/jenkins/workspace/8-2-build-macosx-x86_64/jdk8u311/1894/hotspot/src/share/vm/interpreter/linkResolver.cpp, line 1185]
Event: 2.451 Thread 0x00007f8b4712c000 Exception <a 'java/lang/NullPointerException'> (0x00000007962912f0) thrown at [/System/Volumes/Data/jenkins/workspace/8-2-build-macosx-x86_64/jdk8u311/1894/hotspot/src/share/vm/prims/jvm.cpp, line 1527]
Event: 2.833 Thread 0x00007f8b4712c000 Implicit null exception at 0x00000001055f18b5 to 0x00000001055f1ab1

Events (10 events):
Event: 8.479 loading class com/sun/scenario/animation/AnimationPulse$PulseData done
Event: 8.479 loading class com/sun/scenario/animation/AnimationPulse$PulseData$Accessor
Event: 8.479 loading class com/sun/scenario/animation/AnimationPulse$PulseData$Accessor done
Event: 8.479 loading class com/sun/scenario/animation/AnimationPulse$PulseData
Event: 8.479 loading class com/sun/scenario/animation/AnimationPulse$PulseData done
Event: 8.479 loading class com/sun/scenario/animation/AnimationPulse$PulseData$Accessor
Event: 8.479 loading class com/sun/scenario/animation/AnimationPulse$PulseData$Accessor done
Event: 8.480 loading class javafx/animation/Animation$1
Event: 8.480 loading class javafx/animation/Animation$1 done
Event: 8.549 Executing VM operation: ParallelGCFailedAllocation


Dynamic libraries:
0x00007ff820bce000 	/System/Library/Frameworks/Cocoa.framework/Versions/A/Cocoa
0x00007ff80ca3f000 	/System/Library/Frameworks/AppKit.framework/Versions/C/AppKit
0x00007ff80ff3b000 	/System/Library/Frameworks/CoreData.framework/Versions/A/CoreData
0x00007ff80ae56000 	/System/Library/Frameworks/Foundation.framework/Versions/C/Foundation
0x00007ff814d03000 	/usr/lib/libSystem.B.dylib
0x00007ff80d8d1000 	/System/Library/PrivateFrameworks/UIFoundation.framework/Versions/A/UIFoundation
0x00007ff81ab7a000 	/System/Library/PrivateFrameworks/RemoteViewServices.framework/Versions/A/RemoteViewServices
0x00007ff812f65000 	/System/Library/PrivateFrameworks/XCTTargetBootstrap.framework/Versions/A/XCTTargetBootstrap
0x00007ff816b13000 	/System/Library/PrivateFrameworks/InternationalSupport.framework/Versions/A/InternationalSupport
0x00007ff816b9d000 	/System/Library/PrivateFrameworks/UserActivity.framework/Versions/A/UserActivity
0x00007ff815ef3000 	/usr/lib/libspindump.dylib
0x00007ff80db5f000 	/System/Library/Frameworks/UniformTypeIdentifiers.framework/Versions/A/UniformTypeIdentifiers
0x00007ff81169e000 	/usr/lib/libapp_launch_measurement.dylib
0x00007ff810907000 	/System/Library/PrivateFrameworks/CoreAnalytics.framework/Versions/A/CoreAnalytics
0x00007ff8116a1000 	/System/Library/PrivateFrameworks/CoreAutoLayout.framework/Versions/A/CoreAutoLayout
0x00007ff8128c1000 	/System/Library/Frameworks/Metal.framework/Versions/A/Metal
0x00007ff8135db000 	/usr/lib/liblangid.dylib
0x00007ff812f69000 	/System/Library/PrivateFrameworks/CoreSVG.framework/Versions/A/CoreSVG
0x00007ff80ef26000 	/System/Library/PrivateFrameworks/SkyLight.framework/Versions/A/SkyLight
0x00007ff80f2bc000 	/System/Library/Frameworks/CoreGraphics.framework/Versions/A/CoreGraphics
0x00007ff81b1e9000 	/System/Library/Frameworks/Accelerate.framework/Versions/A/Accelerate
0x00007ff81596e000 	/System/Library/PrivateFrameworks/IconServices.framework/Versions/A/IconServices
0x00007ff8128a6000 	/System/Library/Frameworks/IOSurface.framework/Versions/A/IOSurface
0x00007ff810935000 	/usr/lib/libDiagnosticMessagesClient.dylib
0x00007ff814c23000 	/usr/lib/libz.1.dylib
0x00007ff81e85a000 	/System/Library/Frameworks/ApplicationServices.framework/Versions/A/ApplicationServices
0x00007ff812f51000 	/System/Library/PrivateFrameworks/DFRFoundation.framework/Versions/A/DFRFoundation
0x00007ff80c330000 	/usr/lib/libicucore.A.dylib
0x00007ff817838000 	/System/Library/Frameworks/AudioToolbox.framework/Versions/A/AudioToolbox
0x00007ff816b1f000 	/System/Library/PrivateFrameworks/DataDetectorsCore.framework/Versions/A/DataDetectorsCore
0x00007ff912477000 	/System/Library/PrivateFrameworks/TextInput.framework/Versions/A/TextInput
0x00007ff80eeaa000 	/usr/lib/libMobileGestalt.dylib
0x00007ff812c59000 	/System/Library/Frameworks/Carbon.framework/Versions/A/Frameworks/HIToolbox.framework/Versions/A/HIToolbox
0x00007ff8110cb000 	/System/Library/Frameworks/QuartzCore.framework/Versions/A/QuartzCore
0x00007ff80bfd0000 	/System/Library/Frameworks/Security.framework/Versions/A/Security
0x00007ff81abb2000 	/System/Library/Frameworks/Carbon.framework/Versions/A/Frameworks/SpeechRecognition.framework/Versions/A/SpeechRecognition
0x00007ff8113fe000 	/System/Library/PrivateFrameworks/CoreUI.framework/Versions/A/CoreUI
0x00007ff80b8a8000 	/System/Library/Frameworks/CoreAudio.framework/Versions/A/CoreAudio
0x00007ff810a23000 	/System/Library/Frameworks/DiskArbitration.framework/Versions/A/DiskArbitration
0x00007ff8162da000 	/System/Library/PrivateFrameworks/MultitouchSupport.framework/Versions/A/MultitouchSupport
0x00007ff80eea9000 	/usr/lib/libenergytrace.dylib
0x00007ff80c92b000 	/System/Library/Frameworks/IOKit.framework/Versions/A/IOKit
0x00007ff81af9e000 	/System/Library/Frameworks/CoreServices.framework/Versions/A/CoreServices
0x00007ff811638000 	/System/Library/PrivateFrameworks/PerformanceAnalysis.framework/Versions/A/PerformanceAnalysis
0x00007ffa21c47000 	/System/Library/Frameworks/OpenGL.framework/Versions/A/OpenGL
0x00007ff814250000 	/System/Library/PrivateFrameworks/MobileKeyBag.framework/Versions/A/MobileKeyBag
0x00007ff809e17000 	/usr/lib/libobjc.A.dylib
0x00007ff80f988000 	/System/Library/Frameworks/ColorSync.framework/Versions/A/ColorSync
0x00007ff809fd0000 	/System/Library/Frameworks/CoreFoundation.framework/Versions/A/CoreFoundation
0x00007ff8131e2000 	/System/Library/Frameworks/CoreImage.framework/Versions/A/CoreImage
0x00007ff80b6be000 	/System/Library/Frameworks/CoreText.framework/Versions/A/CoreText
0x00007ff812f98000 	/System/Library/Frameworks/ImageIO.framework/Versions/A/ImageIO
0x00007ff814d09000 	/System/Library/PrivateFrameworks/SoftLinking.framework/Versions/A/SoftLinking
0x00007ff8116e9000 	/usr/lib/libxml2.2.dylib
0x00007ff809edd000 	/usr/lib/libc++.1.dylib
0x00007ff814f8d000 	/usr/lib/libcompression.dylib
0x00007ff816a49000 	/System/Library/PrivateFrameworks/TextureIO.framework/Versions/A/TextureIO
0x00007ff815680000 	/usr/lib/libate.dylib
0x00007ff814cfe000 	/usr/lib/system/libcache.dylib
0x00007ff814cba000 	/usr/lib/system/libcommonCrypto.dylib
0x00007ff814ce3000 	/usr/lib/system/libcompiler_rt.dylib
0x00007ff814cd9000 	/usr/lib/system/libcopyfile.dylib
0x00007ff809d11000 	/usr/lib/system/libcorecrypto.dylib
0x00007ff809dd0000 	/usr/lib/system/libdispatch.dylib
0x00007ff809f8f000 	/usr/lib/system/libdyld.dylib
0x00007ff814cf5000 	/usr/lib/system/libkeymgr.dylib
0x00007ff814c98000 	/usr/lib/system/libmacho.dylib
0x00007ff814324000 	/usr/lib/system/libquarantine.dylib
0x00007ff814cf3000 	/usr/lib/system/libremovefile.dylib
0x00007ff80eef6000 	/usr/lib/system/libsystem_asl.dylib
0x00007ff809cbf000 	/usr/lib/system/libsystem_blocks.dylib
0x00007ff809e54000 	/usr/lib/system/libsystem_c.dylib
0x00007ff814ceb000 	/usr/lib/system/libsystem_collections.dylib
0x00007ff8135cc000 	/usr/lib/system/libsystem_configuration.dylib
0x00007ff812889000 	/usr/lib/system/libsystem_containermanager.dylib
0x00007ff8149d5000 	/usr/lib/system/libsystem_coreservices.dylib
0x00007ff80c5b9000 	/usr/lib/system/libsystem_darwin.dylib
0x00007ff814cf6000 	/usr/lib/system/libsystem_dnssd.dylib
0x00007ff809e51000 	/usr/lib/system/libsystem_featureflags.dylib
0x00007ff809fa5000 	/usr/lib/system/libsystem_info.dylib
0x00007ff814c36000 	/usr/lib/system/libsystem_m.dylib
0x00007ff809da4000 	/usr/lib/system/libsystem_malloc.dylib
0x00007ff80ee93000 	/usr/lib/system/libsystem_networkextension.dylib
0x00007ff80c9e1000 	/usr/lib/system/libsystem_notify.dylib
0x00007ff81ae73000 	/usr/lib/system/libsystem_product_info_filter.dylib
0x00007ff8135d0000 	/usr/lib/system/libsystem_sandbox.dylib
0x00007ff814cf0000 	/usr/lib/system/libsystem_secinit.dylib
0x00007ff809f4c000 	/usr/lib/system/libsystem_kernel.dylib
0x00007ff809f9b000 	/usr/lib/system/libsystem_platform.dylib
0x00007ff809f83000 	/usr/lib/system/libsystem_pthread.dylib
0x00007ff81074e000 	/usr/lib/system/libsystem_symptoms.dylib
0x00007ff809cf8000 	/usr/lib/system/libsystem_trace.dylib
0x00007ff814cc6000 	/usr/lib/system/libunwind.dylib
0x00007ff809cc1000 	/usr/lib/system/libxpc.dylib
0x00007ff809f36000 	/usr/lib/libc++abi.dylib
0x00007ff814cd1000 	/usr/lib/liboah.dylib
0x00007ff81545e000 	/usr/lib/liblzma.5.dylib
0x00007ff80ab67000 	/System/Library/Frameworks/SystemConfiguration.framework/Versions/A/SystemConfiguration
0x00007ff814d05000 	/usr/lib/libfakelink.dylib
0x00007ff80e9fc000 	/System/Library/Frameworks/CFNetwork.framework/Versions/A/CFNetwork
0x00007ff814e44000 	/usr/lib/libarchive.2.dylib
0x00007ff8135d7000 	/System/Library/PrivateFrameworks/AppleSystemInfo.framework/Versions/A/AppleSystemInfo
0x00007ff81434b000 	/usr/lib/libbsm.0.dylib
0x00007ff80e032000 	/usr/lib/libnetwork.dylib
0x00007ff814c9e000 	/usr/lib/system/libkxld.dylib
0x00007ff813f79000 	/System/Library/PrivateFrameworks/IOMobileFramebuffer.framework/Versions/A/IOMobileFramebuffer
0x00007ffb1fa6c000 	/usr/lib/libCoreEntitlements.dylib
0x00007ff8149b7000 	/System/Library/PrivateFrameworks/AppleFSCompression.framework/Versions/A/AppleFSCompression
0x00007ff814333000 	/usr/lib/libcoretls.dylib
0x00007ff815478000 	/usr/lib/libcoretls_cfhelpers.dylib
0x00007ff814f88000 	/usr/lib/libpam.2.dylib
0x00007ff810370000 	/usr/lib/libsqlite3.dylib
0x00007ff8154e7000 	/usr/lib/libxar.1.dylib
0x00007ff8149c7000 	/usr/lib/libbz2.1.0.dylib
0x00007ff814d0a000 	/usr/lib/libpcap.A.dylib
0x00007ff810745000 	/usr/lib/libdns_services.dylib
0x00007ff814f57000 	/usr/lib/libapple_nghttp2.dylib
0x00007ff814d41000 	/usr/lib/libiconv.2.dylib
0x00007ff814c97000 	/usr/lib/libcharset.1.dylib
0x00007ff81166c000 	/System/Library/Frameworks/CoreServices.framework/Versions/A/Frameworks/FSEvents.framework/Versions/A/FSEvents
0x00007ff80c5c3000 	/System/Library/Frameworks/CoreServices.framework/Versions/A/Frameworks/CarbonCore.framework/Versions/A/CarbonCore
0x00007ff810988000 	/System/Library/Frameworks/CoreServices.framework/Versions/A/Frameworks/Metadata.framework/Versions/A/Metadata
0x00007ff8149da000 	/System/Library/Frameworks/CoreServices.framework/Versions/A/Frameworks/OSServices.framework/Versions/A/OSServices
0x00007ff814ecb000 	/System/Library/Frameworks/CoreServices.framework/Versions/A/Frameworks/SearchKit.framework/Versions/A/SearchKit
0x00007ff8106d7000 	/System/Library/Frameworks/CoreServices.framework/Versions/A/Frameworks/AE.framework/Versions/A/AE
0x00007ff80a4d3000 	/System/Library/Frameworks/CoreServices.framework/Versions/A/Frameworks/LaunchServices.framework/Versions/A/LaunchServices
0x00007ff81540f000 	/System/Library/Frameworks/CoreServices.framework/Versions/A/Frameworks/DictionaryServices.framework/Versions/A/DictionaryServices
0x00007ff811679000 	/System/Library/Frameworks/CoreServices.framework/Versions/A/Frameworks/SharedFileList.framework/Versions/A/SharedFileList
0x00007ff814327000 	/usr/lib/libCheckFix.dylib
0x00007ff80ef0d000 	/System/Library/PrivateFrameworks/TCC.framework/Versions/A/TCC
0x00007ff8135dd000 	/System/Library/PrivateFrameworks/CoreNLP.framework/Versions/A/CoreNLP
0x00007ff810938000 	/System/Library/PrivateFrameworks/MetadataUtilities.framework/Versions/A/MetadataUtilities
0x00007ff80ac17000 	/usr/lib/libmecabra.dylib
0x00007ff81435b000 	/usr/lib/libmecab.dylib
0x00007ff80abe2000 	/usr/lib/libCRFSuite.dylib
0x00007ff8143b8000 	/usr/lib/libgermantok.dylib
0x00007ff814f32000 	/usr/lib/libThaiTokenizer.dylib
0x00007ff810a2a000 	/System/Library/Frameworks/Accelerate.framework/Versions/A/Frameworks/vImage.framework/Versions/A/vImage
0x00007ff81af75000 	/System/Library/Frameworks/Accelerate.framework/Versions/A/Frameworks/vecLib.framework/Versions/A/vecLib
0x00007ff815528000 	/System/Library/Frameworks/Accelerate.framework/Versions/A/Frameworks/vecLib.framework/Versions/A/libvMisc.dylib
0x00007ff813d97000 	/System/Library/Frameworks/Accelerate.framework/Versions/A/Frameworks/vecLib.framework/Versions/A/libvDSP.dylib
0x00007ff80a84b000 	/System/Library/Frameworks/Accelerate.framework/Versions/A/Frameworks/vecLib.framework/Versions/A/libBLAS.dylib
0x00007ff815069000 	/System/Library/Frameworks/Accelerate.framework/Versions/A/Frameworks/vecLib.framework/Versions/A/libLAPACK.dylib
0x00007ff8143bb000 	/System/Library/Frameworks/Accelerate.framework/Versions/A/Frameworks/vecLib.framework/Versions/A/libLinearAlgebra.dylib
0x00007ff814f70000 	/System/Library/Frameworks/Accelerate.framework/Versions/A/Frameworks/vecLib.framework/Versions/A/libSparseBLAS.dylib
0x00007ff815063000 	/System/Library/Frameworks/Accelerate.framework/Versions/A/Frameworks/vecLib.framework/Versions/A/libQuadrature.dylib
0x00007ff8136c7000 	/System/Library/Frameworks/Accelerate.framework/Versions/A/Frameworks/vecLib.framework/Versions/A/libBNNS.dylib
0x00007ff80aaf8000 	/System/Library/Frameworks/Accelerate.framework/Versions/A/Frameworks/vecLib.framework/Versions/A/libSparse.dylib
0x00007ff8136c0000 	/System/Library/PrivateFrameworks/LinguisticData.framework/Versions/A/LinguisticData
0x00007ff80aaad000 	/System/Library/PrivateFrameworks/Lexicon.framework/Versions/A/Lexicon
0x00007ff815521000 	/usr/lib/libChineseTokenizer.dylib
0x00007ff80b211000 	/System/Library/PrivateFrameworks/LanguageModeling.framework/Versions/A/LanguageModeling
0x00007ff814f34000 	/System/Library/PrivateFrameworks/AppleSauce.framework/Versions/A/AppleSauce
0x00007ff813f67000 	/System/Library/PrivateFrameworks/CoreEmoji.framework/Versions/A/CoreEmoji
0x00007ff814e33000 	/usr/lib/libcmph.dylib
0x00007ff811650000 	/System/Library/Frameworks/OpenDirectory.framework/Versions/A/Frameworks/CFOpenDirectory.framework/Versions/A/CFOpenDirectory
0x00007ff811644000 	/System/Library/Frameworks/OpenDirectory.framework/Versions/A/OpenDirectory
0x00007ff81547a000 	/System/Library/PrivateFrameworks/APFS.framework/Versions/A/APFS
0x00007ff814288000 	/System/Library/Frameworks/SecurityFoundation.framework/Versions/A/SecurityFoundation
0x00007ff8154f5000 	/usr/lib/libutil.dylib
0x00007ff80c8ee000 	/System/Library/PrivateFrameworks/CoreServicesStore.framework/Versions/A/CoreServicesStore
0x00007ff8154f9000 	/usr/lib/libxslt.1.dylib
0x00007ff814315000 	/System/Library/PrivateFrameworks/BackgroundTaskManagement.framework/Versions/A/BackgroundTaskManagement
0x00007ff816969000 	/System/Library/Frameworks/ImageIO.framework/Versions/A/Resources/libRadiance.dylib
0x00007ff816972000 	/System/Library/Frameworks/ImageIO.framework/Versions/A/Resources/libJPEG.dylib
0x00007ff8168c2000 	/System/Library/Frameworks/ImageIO.framework/Versions/A/Resources/libPng.dylib
0x00007ff8168e3000 	/System/Library/Frameworks/ImageIO.framework/Versions/A/Resources/libTIFF.dylib
0x00007ff8169d2000 	/System/Library/Frameworks/ImageIO.framework/Versions/A/Resources/libGIF.dylib
0x00007ff8161f3000 	/System/Library/Frameworks/ImageIO.framework/Versions/A/Resources/libJP2.dylib
0x00007ff815935000 	/usr/lib/libexpat.1.dylib
0x00007ff8161a8000 	/System/Library/PrivateFrameworks/AppleJPEG.framework/Versions/A/AppleJPEG
0x00007ff812b1c000 	/System/Library/PrivateFrameworks/FontServices.framework/libFontParser.dylib
0x00007ff810681000 	/System/Library/PrivateFrameworks/RunningBoardServices.framework/Versions/A/RunningBoardServices
0x00007ff82114a000 	/System/Library/PrivateFrameworks/IOSurfaceAccelerator.framework/Versions/A/IOSurfaceAccelerator
0x00007ff8162d6000 	/System/Library/PrivateFrameworks/WatchdogClient.framework/Versions/A/WatchdogClient
0x00007ff80b300000 	/System/Library/Frameworks/CoreDisplay.framework/Versions/A/CoreDisplay
0x00007ff812a1b000 	/System/Library/Frameworks/CoreMedia.framework/Versions/A/CoreMedia
0x00007ff8128b8000 	/System/Library/PrivateFrameworks/IOAccelerator.framework/Versions/A/IOAccelerator
0x00007ff8117cc000 	/System/Library/Frameworks/CoreVideo.framework/Versions/A/CoreVideo
0x00007ff814f86000 	/System/Library/Frameworks/MetalPerformanceShaders.framework/Versions/A/MetalPerformanceShaders
0x00007ff816311000 	/System/Library/Frameworks/VideoToolbox.framework/Versions/A/VideoToolbox
0x00007ff8105c9000 	/System/Library/PrivateFrameworks/BaseBoard.framework/Versions/A/BaseBoard
0x00007ff810356000 	/System/Library/PrivateFrameworks/ProtocolBuffer.framework/Versions/A/ProtocolBuffer
0x00007ff816962000 	/System/Library/PrivateFrameworks/GPUWrangler.framework/Versions/A/GPUWrangler
0x00007ff816945000 	/System/Library/PrivateFrameworks/IOPresentment.framework/Versions/A/IOPresentment
0x00007ff81696c000 	/System/Library/PrivateFrameworks/DSExternalDisplay.framework/Versions/A/DSExternalDisplay
0x00007ffa21c3b000 	/System/Library/Frameworks/OpenGL.framework/Versions/A/Libraries/libCoreFSCache.dylib
0x00007ffb0dcdc000 	/System/Library/PrivateFrameworks/GPUCompiler.framework/Versions/31001/Libraries/libGPUCompilerUtils.dylib
0x00007ff8169d7000 	/System/Library/PrivateFrameworks/CMCaptureCore.framework/Versions/A/CMCaptureCore
0x00007ff815ee1000 	/System/Library/PrivateFrameworks/AppServerSupport.framework/Versions/A/AppServerSupport
0x00007ff8180be000 	/System/Library/PrivateFrameworks/perfdata.framework/Versions/A/perfdata
0x00007ff80b42c000 	/System/Library/PrivateFrameworks/AudioToolboxCore.framework/Versions/A/AudioToolboxCore
0x00007ff8129f8000 	/System/Library/PrivateFrameworks/caulk.framework/Versions/A/caulk
0x00007ff8179e2000 	/usr/lib/libAudioStatistics.dylib
0x00007ff90ed05000 	/System/Library/PrivateFrameworks/SystemPolicy.framework/Versions/A/SystemPolicy
0x00007ff817c37000 	/usr/lib/libSMC.dylib
0x00007ff820a81000 	/System/Library/Frameworks/CoreMIDI.framework/Versions/A/CoreMIDI
0x00007ff816892000 	/usr/lib/libAudioToolboxUtility.dylib
0x00007ff90b117000 	/System/Library/PrivateFrameworks/OSAServicesClient.framework/Versions/A/OSAServicesClient
0x00007ff8180cb000 	/usr/lib/libperfcheck.dylib
0x00007ff90f797000 	/usr/lib/libmis.dylib
0x00007ffa21c97000 	/System/Library/Frameworks/OpenGL.framework/Versions/A/Libraries/libGLU.dylib
0x00007ffa21c5a000 	/System/Library/Frameworks/OpenGL.framework/Versions/A/Libraries/libGFXShared.dylib
0x00007ffa21e68000 	/System/Library/Frameworks/OpenGL.framework/Versions/A/Libraries/libGL.dylib
0x00007ffa21c63000 	/System/Library/Frameworks/OpenGL.framework/Versions/A/Libraries/libGLImage.dylib
0x00007ffa21c57000 	/System/Library/Frameworks/OpenGL.framework/Versions/A/Libraries/libCVMSPluginSupport.dylib
0x00007ffa21c42000 	/System/Library/Frameworks/OpenGL.framework/Versions/A/Libraries/libCoreVMClient.dylib
0x00007ff81355b000 	/System/Library/Frameworks/MetalPerformanceShaders.framework/Versions/A/Frameworks/MPSCore.framework/Versions/A/MPSCore
0x00007ff814922000 	/System/Library/Frameworks/MetalPerformanceShaders.framework/Versions/A/Frameworks/MPSImage.framework/Versions/A/MPSImage
0x00007ff8143d1000 	/System/Library/Frameworks/MetalPerformanceShaders.framework/Versions/A/Frameworks/MPSNeuralNetwork.framework/Versions/A/MPSNeuralNetwork
0x00007ff814846000 	/System/Library/Frameworks/MetalPerformanceShaders.framework/Versions/A/Frameworks/MPSMatrix.framework/Versions/A/MPSMatrix
0x00007ff814602000 	/System/Library/Frameworks/MetalPerformanceShaders.framework/Versions/A/Frameworks/MPSRayIntersector.framework/Versions/A/MPSRayIntersector
0x00007ff81487f000 	/System/Library/Frameworks/MetalPerformanceShaders.framework/Versions/A/Frameworks/MPSNDArray.framework/Versions/A/MPSNDArray
0x00007ffa2685c000 	/System/Library/Frameworks/MetalPerformanceShaders.framework/Versions/A/Frameworks/MPSFunctions.framework/Versions/A/MPSFunctions
0x00007ff80a72e000 	/System/Library/PrivateFrameworks/MetalTools.framework/Versions/A/MetalTools
0x00007ff8135d5000 	/System/Library/PrivateFrameworks/AggregateDictionary.framework/Versions/A/AggregateDictionary
0x00007ff815717000 	/usr/lib/libIOReport.dylib
0x00007ffa23277000 	/System/Library/Frameworks/OpenCL.framework/Versions/A/OpenCL
0x00007ff815a7b000 	/System/Library/PrivateFrameworks/FaceCore.framework/Versions/A/FaceCore
0x00007ff815a6c000 	/System/Library/PrivateFrameworks/GraphVisualizer.framework/Versions/A/GraphVisualizer
0x00007ffb0dbe7000 	/System/Library/PrivateFrameworks/FontServices.framework/Versions/A/FontServices
0x00007ff815e98000 	/System/Library/PrivateFrameworks/OTSVG.framework/Versions/A/OTSVG
0x00007ff8113b4000 	/System/Library/Frameworks/ApplicationServices.framework/Versions/A/Frameworks/ATS.framework/Versions/A/Resources/libFontRegistry.dylib
0x00007ff815ee9000 	/System/Library/PrivateFrameworks/FontServices.framework/libhvf.dylib
0x00007ffb0dbe8000 	/System/Library/PrivateFrameworks/FontServices.framework/libXTFontStaticRegistryData.dylib
0x00007ff8158e5000 	/System/Library/PrivateFrameworks/AppleVA.framework/Versions/A/AppleVA
0x00007ff817a06000 	/System/Library/Frameworks/ApplicationServices.framework/Versions/A/Frameworks/ATS.framework/Versions/A/ATS
0x00007ff80fa84000 	/System/Library/Frameworks/ApplicationServices.framework/Versions/A/Frameworks/HIServices.framework/Versions/A/HIServices
0x00007ff8169e1000 	/System/Library/Frameworks/ApplicationServices.framework/Versions/A/Frameworks/PrintCore.framework/Versions/A/PrintCore
0x00007ff817d8a000 	/System/Library/Frameworks/ApplicationServices.framework/Versions/A/Frameworks/QD.framework/Versions/A/QD
0x00007ff817d82000 	/System/Library/Frameworks/ApplicationServices.framework/Versions/A/Frameworks/ColorSyncLegacy.framework/Versions/A/ColorSyncLegacy
0x00007ff8179f6000 	/System/Library/Frameworks/ApplicationServices.framework/Versions/A/Frameworks/SpeechSynthesis.framework/Versions/A/SpeechSynthesis
0x00007ff8169a2000 	/System/Library/Frameworks/ApplicationServices.framework/Versions/A/Frameworks/ATSUI.framework/Versions/A/ATSUI
0x00007ff817d17000 	/usr/lib/libcups.2.dylib
0x00007ff8180da000 	/System/Library/Frameworks/Kerberos.framework/Versions/A/Kerberos
0x00007ff8180e9000 	/System/Library/Frameworks/GSS.framework/Versions/A/GSS
0x00007ff817a72000 	/usr/lib/libresolv.9.dylib
0x00007ff815ef8000 	/System/Library/PrivateFrameworks/Heimdal.framework/Versions/A/Heimdal
0x00007ff81ebd7000 	/System/Library/Frameworks/Kerberos.framework/Versions/A/Libraries/libHeimdalProxy.dylib
0x00007ff810756000 	/System/Library/Frameworks/Network.framework/Versions/A/Network
0x00007ff81594f000 	/usr/lib/libheimdal-asn1.dylib
0x00007ff818135000 	/System/Library/PrivateFrameworks/CommonAuth.framework/Versions/A/CommonAuth
0x00007ff817973000 	/System/Library/PrivateFrameworks/AudioSession.framework/Versions/A/AudioSession
0x00007ff8159df000 	/System/Library/PrivateFrameworks/MediaExperience.framework/Versions/A/MediaExperience
0x00007ff817807000 	/System/Library/PrivateFrameworks/AudioSession.framework/libSessionUtility.dylib
0x00007ff817d96000 	/System/Library/PrivateFrameworks/AudioResourceArbitration.framework/Versions/A/AudioResourceArbitration
0x00007ff81bd88000 	/System/Library/PrivateFrameworks/PowerLog.framework/Versions/A/PowerLog
0x00007ff815958000 	/System/Library/PrivateFrameworks/IconFoundation.framework/Versions/A/IconFoundation
0x00007ff81aba2000 	/System/Library/PrivateFrameworks/SpeechRecognitionCore.framework/Versions/A/SpeechRecognitionCore
0x0000000104185000 	/Library/Internet Plug-Ins/JavaAppletPlugin.plugin/Contents/Home/lib/server/libjvm.dylib
0x00000001033c9000 	/Library/Internet Plug-Ins/JavaAppletPlugin.plugin/Contents/Home/lib/libverify.dylib
0x000000010340d000 	/Library/Internet Plug-Ins/JavaAppletPlugin.plugin/Contents/Home/lib/libjava.dylib
0x00000001033e7000 	/Library/Internet Plug-Ins/JavaAppletPlugin.plugin/Contents/Home/lib/libzip.dylib
0x0000000104100000 	/Library/Internet Plug-Ins/JavaAppletPlugin.plugin/Contents/Home/lib/libprism_es2.dylib
0x00007ff80c8af000 	/System/Library/PrivateFrameworks/CoreServicesInternal.framework/Versions/A/CoreServicesInternal
0x00007ffa21e73000 	/System/Library/Frameworks/OpenGL.framework/Versions/A/Resources/GLEngine.bundle/GLEngine
0x00007ffa21cd5000 	/System/Library/Frameworks/OpenGL.framework/Versions/A/Libraries/libGLProgrammability.dylib
0x00007ffa199a7000 	/System/Library/Extensions/AppleIntelBDWGraphicsGLDriver.bundle/Contents/MacOS/AppleIntelBDWGraphicsGLDriver
0x00007ff91967b000 	/System/Library/PrivateFrameworks/GPUSupport.framework/Versions/A/Libraries/libGPUSupportMercury.dylib
0x00007ffa22002000 	/System/Library/Frameworks/OpenGL.framework/Versions/A/Resources/GLRendererFloat.bundle/GLRendererFloat
0x000000011b424000 	/Library/Internet Plug-Ins/JavaAppletPlugin.plugin/Contents/Home/lib/libglass.dylib
0x00007ff81c379000 	/System/Library/Frameworks/FileProvider.framework/Versions/A/FileProvider
0x00007ff810535000 	/System/Library/Frameworks/Accounts.framework/Versions/A/Accounts
0x00007ff81c4f1000 	/System/Library/PrivateFrameworks/GenerationalStorage.framework/Versions/A/GenerationalStorage
0x00007ff81d003000 	/System/Library/PrivateFrameworks/CoreSymbolication.framework/Versions/A/CoreSymbolication
0x00007ff81bd7d000 	/System/Library/PrivateFrameworks/SymptomDiagnosticReporter.framework/Versions/A/SymptomDiagnosticReporter
0x00007ff80db73000 	/System/Library/PrivateFrameworks/DesktopServicesPriv.framework/Versions/A/DesktopServicesPriv
0x00007ff80c9f0000 	/usr/lib/libsandbox.1.dylib
0x00007ff81184b000 	/System/Library/PrivateFrameworks/UserManagement.framework/Versions/A/UserManagement
0x00007ff81cfc8000 	/System/Library/PrivateFrameworks/DebugSymbols.framework/Versions/A/DebugSymbols
0x00007ff817d77000 	/System/Library/PrivateFrameworks/NetAuth.framework/Versions/A/NetAuth
0x00007ff818c66000 	/System/Library/PrivateFrameworks/Sharing.framework/Versions/A/Sharing
0x00007ff81181e000 	/System/Library/PrivateFrameworks/login.framework/Versions/A/Frameworks/loginsupport.framework/Versions/A/loginsupport
0x00007ff81e109000 	/System/Library/PrivateFrameworks/Apple80211.framework/Versions/A/Apple80211
0x00007ff814a07000 	/System/Library/PrivateFrameworks/AuthKit.framework/Versions/A/AuthKit
0x00007ff81405d000 	/System/Library/PrivateFrameworks/CoreUtils.framework/Versions/A/CoreUtils
0x00007ff813f84000 	/System/Library/Frameworks/CoreWLAN.framework/Versions/A/CoreWLAN
0x00007ff818dc1000 	/System/Library/Frameworks/IOBluetooth.framework/Versions/A/IOBluetooth
0x00007ff81e171000 	/System/Library/PrivateFrameworks/CoreWiFi.framework/Versions/A/CoreWiFi
0x00007ff81cb9d000 	/System/Library/PrivateFrameworks/FrontBoardServices.framework/Versions/A/FrontBoardServices
0x00007ff81cc2f000 	/System/Library/PrivateFrameworks/BoardServices.framework/Versions/A/BoardServices
0x00007ff814277000 	/System/Library/PrivateFrameworks/AssertionServices.framework/Versions/A/AssertionServices
0x00007ff81e2f5000 	/System/Library/PrivateFrameworks/BackBoardServices.framework/Versions/A/BackBoardServices
0x00007ff8181c4000 	/System/Library/PrivateFrameworks/CorePhoneNumbers.framework/Versions/A/CorePhoneNumbers
0x00007ff81be9a000 	/System/Library/PrivateFrameworks/DiskManagement.framework/Versions/A/DiskManagement
0x00007ff81bdae000 	/System/Library/PrivateFrameworks/AppleIDAuthSupport.framework/Versions/A/AppleIDAuthSupport
0x00007ffa28815000 	/System/Library/PrivateFrameworks/AAAFoundation.framework/Versions/A/AAAFoundation
0x00007ff8181a5000 	/System/Library/PrivateFrameworks/KeychainCircle.framework/Versions/A/KeychainCircle
0x00007ff81be66000 	/System/Library/PrivateFrameworks/MediaKit.framework/Versions/A/MediaKit
0x00007ff81bdba000 	/System/Library/Frameworks/DiscRecording.framework/Versions/A/DiscRecording
0x00007ff81585d000 	/usr/lib/libCoreStorage.dylib
0x00007ff81e5e4000 	/usr/lib/libcsfde.dylib
0x00007ff818e8e000 	/System/Library/PrivateFrameworks/ProtectedCloudStorage.framework/Versions/A/ProtectedCloudStorage
0x00007ff81e5e0000 	/System/Library/PrivateFrameworks/EFILogin.framework/Versions/A/EFILogin
0x00007ff81c517000 	/System/Library/PrivateFrameworks/OctagonTrust.framework/Versions/A/OctagonTrust
0x00007ffb0cf09000 	/System/Library/PrivateFrameworks/CoreUtilsExtras.framework/Versions/A/CoreUtilsExtras
0x00007ff81bcf0000 	/System/Library/Frameworks/CoreBluetooth.framework/Versions/A/CoreBluetooth
0x00007ff81ec5c000 	/System/Library/Frameworks/AudioUnit.framework/Versions/A/AudioUnit
0x00007ff815855000 	/usr/lib/libMatch.1.dylib
0x00007ff913bfb000 	/System/Library/Frameworks/Accelerate.framework/Versions/A/Frameworks/vImage.framework/Versions/A/Libraries/libCGInterfaces.dylib
0x000000011c7cd000 	/usr/lib/libobjc-trampolines.dylib
0x00007ff811544000 	/System/Library/PrivateFrameworks/ViewBridge.framework/Versions/A/ViewBridge
0x000000011ec78000 	/Library/Internet Plug-Ins/JavaAppletPlugin.plugin/Contents/Home/lib/libjavafx_font.dylib
0x00007ff815fb2000 	/System/Library/PrivateFrameworks/login.framework/Versions/A/login
0x000000011fcce000 	/Library/Internet Plug-Ins/JavaAppletPlugin.plugin/Contents/Home/lib/libprism_common.dylib
0x00007ffb1fb7e000 	/usr/lib/libRosetta.dylib

VM Arguments:
jvm_args: -Dfile.encoding=UTF-8 
java_command: lab9.UnresponsiveUI
java_class_path (initial): /Users/nancylee0211/git/comp3021lab/bin
Launcher Type: SUN_STANDARD

Environment Variables:
PATH=/usr/bin:/bin:/usr/sbin:/sbin
SHELL=/bin/zsh

Signal Handlers:
SIGSEGV: [libjvm.dylib+0x59bd8b], sa_mask[0]=11111111011111110111111111111111, sa_flags=SA_ONSTACK|SA_RESTART|SA_SIGINFO
SIGBUS: [libjvm.dylib+0x59bd8b], sa_mask[0]=11111111011111110111111111111111, sa_flags=SA_RESTART|SA_SIGINFO
SIGFPE: [libjvm.dylib+0x59bd8b], sa_mask[0]=11111111011111110111111111111111, sa_flags=SA_RESTART|SA_SIGINFO
SIGPIPE: [libjvm.dylib+0x48f813], sa_mask[0]=11111111011111110111111111111111, sa_flags=SA_RESTART|SA_SIGINFO
SIGXFSZ: [libjvm.dylib+0x48f813], sa_mask[0]=11111111011111110111111111111111, sa_flags=SA_RESTART|SA_SIGINFO
SIGILL: [libjvm.dylib+0x59bd8b], sa_mask[0]=11111111011111110111111111111111, sa_flags=SA_RESTART|SA_SIGINFO
SIGUSR1: SIG_DFL, sa_mask[0]=00000000000000000000000000000000, sa_flags=none
SIGUSR2: [libjvm.dylib+0x490102], sa_mask[0]=00100000000000000000000000000000, sa_flags=SA_RESTART|SA_SIGINFO
SIGHUP: [libjvm.dylib+0x48e35f], sa_mask[0]=11111111011111110111111111111111, sa_flags=SA_RESTART|SA_SIGINFO
SIGINT: [libjvm.dylib+0x48e35f], sa_mask[0]=11111111011111110111111111111111, sa_flags=SA_RESTART|SA_SIGINFO
SIGTERM: [libjvm.dylib+0x48e35f], sa_mask[0]=11111111011111110111111111111111, sa_flags=SA_RESTART|SA_SIGINFO
SIGQUIT: [libjvm.dylib+0x48e35f], sa_mask[0]=11111111011111110111111111111111, sa_flags=SA_RESTART|SA_SIGINFO


---------------  S Y S T E M  ---------------

OS:Bsduname:Darwin 21.3.0 Darwin Kernel Version 21.3.0: Wed Jan  5 21:37:58 PST 2022; root:xnu-8019.80.24~20/RELEASE_X86_64 x86_64
rlimit: STACK 8192k, CORE 0k, NPROC 1392, NOFILE 10240, AS infinity
load average:5.06 4.77 4.39

CPU:total 4 (initial active 4) (2 cores per cpu, 2 threads per core) family 6 model 61 stepping 4, cmov, cx8, fxsr, mmx, sse, sse2, sse3, ssse3, sse4.1, sse4.2, popcnt, avx, avx2, aes, clmul, erms, rtm, 3dnowpref, lzcnt, ht, tsc, tscinvbit, bmi1, bmi2, adx

Memory: 4k page, physical 8388608k(38540k free)

/proc/meminfo:


vm_info: Java HotSpot(TM) 64-Bit Server VM (25.311-b11) for bsd-amd64 JRE (1.8.0_311-b11), built on Sep 27 2021 13:08:09 by "java_re" with gcc 4.2.1 Compatible Apple LLVM 11.0.0 (clang-1100.0.33.17)

time: Mon Apr 25 18:36:27 2022
timezone: HKT
elapsed time: 8.650111 seconds (0d 0h 0m 8s)

